生成启动时间为 2014/9/16 10:41:15。
     1>项目“D:\Documents\Visual Studio 2010\Projects\opencv\opencv\opencv.vcxproj”在节点 2 上(build 个目标)。
     1>InitializeBuildStatus:
         正在创建“x64\Debug\opencv.unsuccessfulbuild”，因为已指定“AlwaysCreate”。
       ClCompile:
         d:\software\VS2010\VC\bin\x86_amd64\CL.exe /c /Zi /nologo /W3 /WX- /Od /D WIN32 /D _DEBUG /D _CONSOLE /D _MBCS /Gm /EHsc /RTC1 /MDd /GS /fp:precise /Zc:wchar_t /Zc:forScope /Fo"x64\Debug\\" /Fd"x64\Debug\vc100.pdb" /Gd /TP /errorReport:prompt test1.cpp testc.cpp
         testc.cpp
         test1.cpp
         Generating Code...
       ManifestResourceCompile:
         所有输出均为最新。
       Link:
         d:\software\VS2010\VC\bin\x86_amd64\link.exe /ERRORREPORT:PROMPT /OUT:"D:\Documents\Visual Studio 2010\Projects\opencv\x64\Debug\opencv.exe" /INCREMENTAL /NOLOGO opencv_calib3d243.lib opencv_contrib243.lib opencv_core243.lib opencv_features2d243.lib opencv_flann243.lib opencv_gpu243.lib opencv_highgui243.lib opencv_imgproc243.lib opencv_legacy243.lib opencv_ml243.lib opencv_objdetect243.lib opencv_ts243.lib opencv_video243.lib kernel32.lib user32.lib gdi32.lib winspool.lib comdlg32.lib advapi32.lib shell32.lib ole32.lib oleaut32.lib uuid.lib odbc32.lib odbccp32.lib /MANIFEST /ManifestFile:"x64\Debug\opencv.exe.intermediate.manifest" /MANIFESTUAC:"level='asInvoker' uiAccess='false'" /DEBUG /PDB:"D:\Documents\Visual Studio 2010\Projects\opencv\x64\Debug\opencv.pdb" /SUBSYSTEM:CONSOLE /TLBID:1 /DYNAMICBASE /NXCOMPAT /IMPLIB:"D:\Documents\Visual Studio 2010\Projects\opencv\x64\Debug\opencv.lib" /MACHINE:X64 x64\Debug\opencv.exe.embed.manifest.res
         x64\Debug\Sumiao2.obj
         x64\Debug\Sumiao1.obj
         x64\Debug\test2.obj
         x64\Debug\testb.obj
         x64\Debug\test1.obj
         x64\Debug\testc.obj
         opencv.vcxproj -> D:\Documents\Visual Studio 2010\Projects\opencv\x64\Debug\opencv.exe
       Manifest:
         C:\Program Files (x86)\Microsoft SDKs\Windows\v7.0A\bin\mt.exe /nologo /verbose /out:"x64\Debug\opencv.exe.embed.manifest" /manifest x64\Debug\opencv.exe.intermediate.manifest
         所有输出均为最新。
       LinkEmbedManifest:
         所有输出均为最新。
         opencv.vcxproj -> D:\Documents\Visual Studio 2010\Projects\opencv\x64\Debug\opencv.exe
       FinalizeBuildStatus:
         正在删除文件“x64\Debug\opencv.unsuccessfulbuild”。
         正在对“x64\Debug\opencv.lastbuildstate”执行 Touch 任务。
     1>已完成生成项目“D:\Documents\Visual Studio 2010\Projects\opencv\opencv\opencv.vcxproj”(build 个目标)的操作。

生成成功。

已用时间 00:00:04.38
